<?xml version="1.0" encoding="UTF-8"?>
<testng-results ignored="0" total="1" passed="1" failed="0" skipped="0">
  <reporter-output>
  </reporter-output>
  <suite started-at="2025-01-05T21:58:33 IST" name="Default suite" finished-at="2025-01-05T21:58:42 IST" duration-ms="9537">
    <groups>
    </groups>
    <test started-at="2025-01-05T21:58:33 IST" name="Default test" finished-at="2025-01-05T21:58:42 IST" duration-ms="9537">
      <class name="com.automation.framework.tests.SampleTest">
        <test-method is-config="true" signature="beforeSuite()[pri:0, instance:com.automation.framework.tests.SampleTest@6a6cb05c]" started-at="2025-01-05T21:58:33 IST" name="beforeSuite" finished-at="2025-01-05T21:58:33 IST" duration-ms="25" status="PASS">
          <reporter-output>
          </reporter-output>
        </test-method> <!-- beforeSuite -->
        <test-method is-config="true" signature="beforeTest()[pri:0, instance:com.automation.framework.tests.SampleTest@6a6cb05c]" started-at="2025-01-05T21:58:33 IST" name="beforeTest" finished-at="2025-01-05T21:58:38 IST" duration-ms="5087" status="PASS">
          <reporter-output>
          </reporter-output>
        </test-method> <!-- beforeTest -->
        <test-method is-config="true" signature="beforeClass()[pri:0, instance:com.automation.framework.tests.SampleTest@6a6cb05c]" started-at="2025-01-05T21:58:38 IST" name="beforeClass" finished-at="2025-01-05T21:58:38 IST" duration-ms="1" status="PASS">
          <reporter-output>
          </reporter-output>
        </test-method> <!-- beforeClass -->
        <test-method is-config="true" signature="beforeMethod()[pri:0, instance:com.automation.framework.tests.SampleTest@6a6cb05c]" started-at="2025-01-05T21:58:38 IST" name="beforeMethod" finished-at="2025-01-05T21:58:38 IST" duration-ms="1" status="PASS">
          <reporter-output>
          </reporter-output>
        </test-method> <!-- beforeMethod -->
        <test-method signature="testOne()[pri:0, instance:com.automation.framework.tests.SampleTest@6a6cb05c]" started-at="2025-01-05T21:58:38 IST" name="testOne" finished-at="2025-01-05T21:58:42 IST" duration-ms="4046" status="PASS">
          <reporter-output>
          </reporter-output>
        </test-method> <!-- testOne -->
        <test-method is-config="true" signature="afterMethod()[pri:0, instance:com.automation.framework.tests.SampleTest@6a6cb05c]" started-at="2025-01-05T21:58:42 IST" name="afterMethod" finished-at="2025-01-05T21:58:42 IST" duration-ms="1" status="PASS">
          <reporter-output>
          </reporter-output>
        </test-method> <!-- afterMethod -->
        <test-method is-config="true" signature="afterClass()[pri:0, instance:com.automation.framework.tests.SampleTest@6a6cb05c]" started-at="2025-01-05T21:58:42 IST" name="afterClass" finished-at="2025-01-05T21:58:42 IST" duration-ms="1" status="PASS">
          <reporter-output>
          </reporter-output>
        </test-method> <!-- afterClass -->
        <test-method is-config="true" signature="afterTest()[pri:0, instance:com.automation.framework.tests.SampleTest@6a6cb05c]" started-at="2025-01-05T21:58:42 IST" name="afterTest" finished-at="2025-01-05T21:58:42 IST" duration-ms="296" status="PASS">
          <reporter-output>
          </reporter-output>
        </test-method> <!-- afterTest -->
        <test-method is-config="true" signature="afterSuite()[pri:0, instance:com.automation.framework.tests.SampleTest@6a6cb05c]" started-at="2025-01-05T21:58:43 IST" name="afterSuite" finished-at="2025-01-05T21:58:43 IST" duration-ms="1" status="PASS">
          <reporter-output>
          </reporter-output>
        </test-method> <!-- afterSuite -->
      </class> <!-- com.automation.framework.tests.SampleTest -->
    </test> <!-- Default test -->
  </suite> <!-- Default suite -->
</testng-results>
