<?xml version="1.0" encoding="UTF-8"?>
<testng-results ignored="0" total="1" passed="1" failed="0" skipped="0">
  <reporter-output>
  </reporter-output>
  <suite started-at="2024-12-28T10:15:13 IST" name="Default suite" finished-at="2024-12-28T10:15:14 IST" duration-ms="187">
    <groups>
    </groups>
    <test started-at="2024-12-28T10:15:13 IST" name="Default test" finished-at="2024-12-28T10:15:14 IST" duration-ms="187">
      <class name="com.automation.framework.tests.SampleTest">
        <test-method is-config="true" signature="beforeSuite()[pri:0, instance:com.automation.framework.tests.SampleTest@6c6cb480]" started-at="2024-12-28T10:15:13 IST" name="beforeSuite" finished-at="2024-12-28T10:15:13 IST" duration-ms="25" status="PASS">
          <reporter-output>
          </reporter-output>
        </test-method> <!-- beforeSuite -->
        <test-method is-config="true" signature="beforeTest()[pri:0, instance:com.automation.framework.tests.SampleTest@6c6cb480]" started-at="2024-12-28T10:15:13 IST" name="beforeTest" finished-at="2024-12-28T10:15:13 IST" duration-ms="1" status="PASS">
          <reporter-output>
          </reporter-output>
        </test-method> <!-- beforeTest -->
        <test-method is-config="true" signature="beforeClass()[pri:0, instance:com.automation.framework.tests.SampleTest@6c6cb480]" started-at="2024-12-28T10:15:14 IST" name="beforeClass" finished-at="2024-12-28T10:15:14 IST" duration-ms="2" status="PASS">
          <reporter-output>
          </reporter-output>
        </test-method> <!-- beforeClass -->
        <test-method is-config="true" signature="beforeMethod()[pri:0, instance:com.automation.framework.tests.SampleTest@6c6cb480]" started-at="2024-12-28T10:15:14 IST" name="beforeMethod" finished-at="2024-12-28T10:15:14 IST" duration-ms="2" status="PASS">
          <reporter-output>
          </reporter-output>
        </test-method> <!-- beforeMethod -->
        <test-method signature="testOne()[pri:0, instance:com.automation.framework.tests.SampleTest@6c6cb480]" started-at="2024-12-28T10:15:14 IST" name="testOne" finished-at="2024-12-28T10:15:14 IST" duration-ms="41" status="PASS">
          <reporter-output>
          </reporter-output>
        </test-method> <!-- testOne -->
        <test-method is-config="true" signature="afterMethod()[pri:0, instance:com.automation.framework.tests.SampleTest@6c6cb480]" started-at="2024-12-28T10:15:14 IST" name="afterMethod" finished-at="2024-12-28T10:15:14 IST" duration-ms="3" status="PASS">
          <reporter-output>
          </reporter-output>
        </test-method> <!-- afterMethod -->
        <test-method is-config="true" signature="afterClass()[pri:0, instance:com.automation.framework.tests.SampleTest@6c6cb480]" started-at="2024-12-28T10:15:14 IST" name="afterClass" finished-at="2024-12-28T10:15:14 IST" duration-ms="3" status="PASS">
          <reporter-output>
          </reporter-output>
        </test-method> <!-- afterClass -->
        <test-method is-config="true" signature="afterTest()[pri:0, instance:com.automation.framework.tests.SampleTest@6c6cb480]" started-at="2024-12-28T10:15:14 IST" name="afterTest" finished-at="2024-12-28T10:15:14 IST" duration-ms="1" status="PASS">
          <reporter-output>
          </reporter-output>
        </test-method> <!-- afterTest -->
        <test-method is-config="true" signature="afterSuite()[pri:0, instance:com.automation.framework.tests.SampleTest@6c6cb480]" started-at="2024-12-28T10:15:14 IST" name="afterSuite" finished-at="2024-12-28T10:15:14 IST" duration-ms="1" status="PASS">
          <reporter-output>
          </reporter-output>
        </test-method> <!-- afterSuite -->
      </class> <!-- com.automation.framework.tests.SampleTest -->
    </test> <!-- Default test -->
  </suite> <!-- Default suite -->
</testng-results>
