<?xml version="1.0" encoding="UTF-8"?>
<!-- Generated by org.testng.reporters.JUnitReportReporter -->
<testsuite hostname="Sid-PC" failures="0" tests="3" name="com.testng.automation.demo.BasicDataDrivenDemo" time="0.022" errors="0" timestamp="2024-12-17T22:10:48 IST" skipped="0">
  <testcase classname="com.testng.automation.demo.BasicDataDrivenDemo" name="dummyTest" time="0.005"/>
  <testcase classname="com.testng.automation.demo.BasicDataDrivenDemo" name="dummyTest" time="0.004"/>
  <testcase classname="com.testng.automation.demo.BasicDataDrivenDemo" name="dummyTest" time="0.013"/>
</testsuite> <!-- com.testng.automation.demo.BasicDataDrivenDemo -->
